{"/Users/omar/Documents/CF-AG/meet/src/CitySearch.js": {"path":"/Users/omar/Documents/CF-AG/meet/src/CitySearch.js","statementMap":{"0":{"start":{"line":5,"column":12},"end":{"line":9,"column":7}},"1":{"start":{"line":11,"column":27},"end":{"line":20,"column":7}},"2":{"start":{"line":12,"column":22},"end":{"line":12,"column":40}},"3":{"start":{"line":13,"column":28},"end":{"line":15,"column":12}},"4":{"start":{"line":14,"column":12},"end":{"line":14,"column":76}},"5":{"start":{"line":16,"column":8},"end":{"line":19,"column":11}},"6":{"start":{"line":22,"column":26},"end":{"line":29,"column":7}},"7":{"start":{"line":23,"column":8},"end":{"line":26,"column":11}},"8":{"start":{"line":28,"column":8},"end":{"line":28,"column":44}},"9":{"start":{"line":32,"column":4},"end":{"line":53,"column":6}},"10":{"start":{"line":39,"column":25},"end":{"line":39,"column":65}},"11":{"start":{"line":43,"column":10},"end":{"line":46,"column":36}},"12":{"start":{"line":45,"column":35},"end":{"line":45,"column":69}},"13":{"start":{"line":48,"column":31},"end":{"line":48,"column":60}}},"fnMap":{"0":{"name":"(anonymous_0)","decl":{"start":{"line":11,"column":27},"end":{"line":11,"column":28}},"loc":{"start":{"line":11,"column":38},"end":{"line":20,"column":7}},"line":11},"1":{"name":"(anonymous_1)","decl":{"start":{"line":13,"column":56},"end":{"line":13,"column":57}},"loc":{"start":{"line":13,"column":70},"end":{"line":15,"column":11}},"line":13},"2":{"name":"(anonymous_2)","decl":{"start":{"line":22,"column":26},"end":{"line":22,"column":27}},"loc":{"start":{"line":22,"column":42},"end":{"line":29,"column":7}},"line":22},"3":{"name":"(anonymous_3)","decl":{"start":{"line":31,"column":2},"end":{"line":31,"column":3}},"loc":{"start":{"line":31,"column":11},"end":{"line":54,"column":3}},"line":31},"4":{"name":"(anonymous_4)","decl":{"start":{"line":39,"column":17},"end":{"line":39,"column":18}},"loc":{"start":{"line":39,"column":23},"end":{"line":39,"column":67}},"line":39},"5":{"name":"(anonymous_5)","decl":{"start":{"line":42,"column":36},"end":{"line":42,"column":37}},"loc":{"start":{"line":43,"column":10},"end":{"line":46,"column":36}},"line":43},"6":{"name":"(anonymous_6)","decl":{"start":{"line":45,"column":29},"end":{"line":45,"column":30}},"loc":{"start":{"line":45,"column":35},"end":{"line":45,"column":69}},"line":45},"7":{"name":"(anonymous_7)","decl":{"start":{"line":48,"column":25},"end":{"line":48,"column":26}},"loc":{"start":{"line":48,"column":31},"end":{"line":48,"column":60}},"line":48}},"branchMap":{"0":{"loc":{"start":{"line":41,"column":41},"end":{"line":41,"column":93}},"type":"cond-expr","locations":[{"start":{"line":41,"column":70},"end":{"line":41,"column":72}},{"start":{"line":41,"column":74},"end":{"line":41,"column":93}}],"line":41}},"s":{"0":5,"1":5,"2":2,"3":2,"4":4,"5":2,"6":5,"7":4,"8":4,"9":22,"10":1,"11":17,"12":2,"13":1},"f":{"0":2,"1":4,"2":4,"3":22,"4":1,"5":17,"6":2,"7":1},"b":{"0":[1,21]},"_coverageSchema":"1a1c01bbd47fc00a2c39e90264f33305004495a9","hash":"ad5dd2b980c615ac858e05dec293e53125eb502d"}
,"/Users/omar/Documents/CF-AG/meet/src/api.js": {"path":"/Users/omar/Documents/CF-AG/meet/src/api.js","statementMap":{"0":{"start":{"line":13,"column":33},"end":{"line":17,"column":3}},"1":{"start":{"line":14,"column":27},"end":{"line":14,"column":64}},"2":{"start":{"line":14,"column":49},"end":{"line":14,"column":63}},"3":{"start":{"line":15,"column":20},"end":{"line":15,"column":50}},"4":{"start":{"line":16,"column":4},"end":{"line":16,"column":21}},"5":{"start":{"line":19,"column":27},"end":{"line":21,"column":3}},"6":{"start":{"line":20,"column":4},"end":{"line":20,"column":20}}},"fnMap":{"0":{"name":"(anonymous_0)","decl":{"start":{"line":13,"column":33},"end":{"line":13,"column":34}},"loc":{"start":{"line":13,"column":45},"end":{"line":17,"column":3}},"line":13},"1":{"name":"(anonymous_1)","decl":{"start":{"line":14,"column":38},"end":{"line":14,"column":39}},"loc":{"start":{"line":14,"column":49},"end":{"line":14,"column":63}},"line":14},"2":{"name":"(anonymous_2)","decl":{"start":{"line":19,"column":27},"end":{"line":19,"column":28}},"loc":{"start":{"line":19,"column":39},"end":{"line":21,"column":3}},"line":19}},"branchMap":{},"s":{"0":2,"1":6,"2":12,"3":6,"4":6,"5":2,"6":9},"f":{"0":6,"1":12,"2":9},"b":{},"_coverageSchema":"1a1c01bbd47fc00a2c39e90264f33305004495a9","hash":"0daba7506a81d730ddd8d9219d2f5088ba650230"}
,"/Users/omar/Documents/CF-AG/meet/src/mock-data.js": {"path":"/Users/omar/Documents/CF-AG/meet/src/mock-data.js","statementMap":{"0":{"start":{"line":1,"column":17},"end":{"line":80,"column":1}}},"fnMap":{},"branchMap":{},"s":{"0":2},"f":{},"b":{},"_coverageSchema":"1a1c01bbd47fc00a2c39e90264f33305004495a9","hash":"bfc803fbf2ce0712efbf85d729726de1c25c6277"}
}
